2013-04-05 11:03:08  WARN xmemcached.XMemcachedClient - XMemcachedClient use Text protocol
2013-04-05 11:03:08  INFO impl.SelectorManager - Creating 4 reactors...
2013-04-05 11:03:08  WARN impl.AbstractController - The Controller started at localhost/127.0.0.1:0 ...
2013-04-05 11:03:08  WARN impl.MemcachedConnector - Add a session: 127.0.0.1:11211
2013-04-05 11:03:08  INFO util.JenaMemcachedClient - Trying to get Query119973053 from cache
2013-04-05 11:03:09  INFO util.JenaMemcachedClient - Query119973053 was not stored in the cache, querying SPARQL endpoint
2013-04-05 11:03:11  WARN impl.MemcachedConnector - Remove a session: 127.0.0.1:11211
2013-04-05 11:03:11  INFO impl.AbstractController - Controller has been stopped.
2013-04-05 11:03:11  WARN xmemcached.XMemcachedClient - XMemcachedClient use Text protocol
2013-04-05 11:03:11  INFO impl.SelectorManager - Creating 4 reactors...
2013-04-05 11:03:11  WARN impl.AbstractController - The Controller started at localhost/127.0.0.1:0 ...
2013-04-05 11:03:11  WARN impl.MemcachedConnector - Add a session: 127.0.0.1:11211
2013-04-05 11:03:11  INFO util.JenaMemcachedClient - Trying to get Query119973053 from cache
2013-04-05 11:03:11  INFO impl.AbstractController - Controller has been stopped.
2013-04-05 11:03:11  WARN impl.MemcachedConnector - Remove a session: 127.0.0.1:11211
2013-04-05 11:03:11  WARN xmemcached.XMemcachedClient - XMemcachedClient use Text protocol
2013-04-05 11:03:11  INFO impl.SelectorManager - Creating 4 reactors...
2013-04-05 11:03:11  WARN impl.AbstractController - The Controller started at localhost/127.0.0.1:0 ...
2013-04-05 11:03:11  WARN impl.MemcachedConnector - Add a session: 127.0.0.1:11211
2013-04-05 11:03:11  INFO util.JenaMemcachedClient - Trying to get Query119973053 from cache
2013-04-05 11:03:11  WARN impl.MemcachedConnector - Remove a session: 127.0.0.1:11211
2013-04-05 11:03:11  INFO impl.AbstractController - Controller has been stopped.
2013-04-05 11:03:11  WARN xmemcached.XMemcachedClient - XMemcachedClient use Text protocol
2013-04-05 11:03:11  INFO impl.SelectorManager - Creating 4 reactors...
2013-04-05 11:03:11  WARN impl.AbstractController - The Controller started at localhost/127.0.0.1:0 ...
2013-04-05 11:03:11  WARN impl.MemcachedConnector - Add a session: 127.0.0.1:11211
2013-04-05 11:03:11  INFO util.JenaMemcachedClient - Trying to get Query1183798008 from cache
2013-04-05 11:03:11  INFO util.JenaMemcachedClient - Query1183798008 was not stored in the cache, querying SPARQL endpoint
2013-04-05 11:03:12  WARN impl.MemcachedConnector - Remove a session: 127.0.0.1:11211
2013-04-05 11:03:12  INFO impl.AbstractController - Controller has been stopped.
2013-04-05 11:03:12  WARN xmemcached.XMemcachedClient - XMemcachedClient use Text protocol
2013-04-05 11:03:12  INFO impl.SelectorManager - Creating 4 reactors...
2013-04-05 11:03:12  WARN impl.AbstractController - The Controller started at localhost/127.0.0.1:0 ...
2013-04-05 11:03:12  WARN impl.MemcachedConnector - Add a session: 127.0.0.1:11211
2013-04-05 11:03:12  INFO util.JenaMemcachedClient - Trying to get Query1387700939 from cache
2013-04-05 11:03:12  INFO util.JenaMemcachedClient - Query1387700939 was not stored in the cache, querying SPARQL endpoint
2013-04-05 11:03:13  WARN impl.MemcachedConnector - Remove a session: 127.0.0.1:11211
2013-04-05 11:03:13  INFO impl.AbstractController - Controller has been stopped.
2013-04-05 11:03:13  WARN xmemcached.XMemcachedClient - XMemcachedClient use Text protocol
2013-04-05 11:03:13  INFO impl.SelectorManager - Creating 4 reactors...
2013-04-05 11:03:13  WARN impl.AbstractController - The Controller started at localhost/127.0.0.1:0 ...
2013-04-05 11:03:13  WARN impl.MemcachedConnector - Add a session: 127.0.0.1:11211
2013-04-05 11:03:13  INFO util.JenaMemcachedClient - Trying to get Query994308093 from cache
2013-04-05 11:03:13  INFO util.JenaMemcachedClient - Query994308093 was not stored in the cache, querying SPARQL endpoint
2013-04-05 11:03:13 ERROR util.JenaMemcachedClient - An error ocurred querying the endpoint. The results will not be stored in the cache.
com.hp.hpl.jena.query.QueryException: Invalid ResultSet
	at es.weso.util.JenaMemcachedClient.queryEndpoint(JenaMemcachedClient.java:140)
	at es.weso.util.JenaMemcachedClient.queryEndpointAndStore(JenaMemcachedClient.java:116)
	at es.weso.util.JenaMemcachedClient.getResultFromCache(JenaMemcachedClient.java:77)
	at es.weso.util.JenaMemcachedClient.executeQuery(JenaMemcachedClient.java:41)
	at es.weso.data.CountryData.getObservation(CountryData.java:75)
	at es.weso.test.QueriesTester.testSingleIndicator(QueriesTester.java:72)
	at sun.reflect.NativeMethodAccessorImpl.invoke0(Native Method)
	at sun.reflect.NativeMethodAccessorImpl.invoke(NativeMethodAccessorImpl.java:57)
	at sun.reflect.DelegatingMethodAccessorImpl.invoke(DelegatingMethodAccessorImpl.java:43)
	at java.lang.reflect.Method.invoke(Method.java:601)
	at org.junit.runners.model.FrameworkMethod$1.runReflectiveCall(FrameworkMethod.java:44)
	at org.junit.internal.runners.model.ReflectiveCallable.run(ReflectiveCallable.java:15)
	at org.junit.runners.model.FrameworkMethod.invokeExplosively(FrameworkMethod.java:41)
	at org.junit.internal.runners.statements.InvokeMethod.evaluate(InvokeMethod.java:20)
	at org.junit.runners.BlockJUnit4ClassRunner.runChild(BlockJUnit4ClassRunner.java:76)
	at org.junit.runners.BlockJUnit4ClassRunner.runChild(BlockJUnit4ClassRunner.java:50)
	at org.junit.runners.ParentRunner$3.run(ParentRunner.java:193)
	at org.junit.runners.ParentRunner$1.schedule(ParentRunner.java:52)
	at org.junit.runners.ParentRunner.runChildren(ParentRunner.java:191)
	at org.junit.runners.ParentRunner.access$000(ParentRunner.java:42)
	at org.junit.runners.ParentRunner$2.evaluate(ParentRunner.java:184)
	at org.junit.runners.ParentRunner.run(ParentRunner.java:236)
	at org.eclipse.jdt.internal.junit4.runner.JUnit4TestReference.run(JUnit4TestReference.java:50)
	at org.eclipse.jdt.internal.junit.runner.TestExecution.run(TestExecution.java:38)
	at org.eclipse.jdt.internal.junit.runner.RemoteTestRunner.runTests(RemoteTestRunner.java:467)
	at org.eclipse.jdt.internal.junit.runner.RemoteTestRunner.runTests(RemoteTestRunner.java:683)
	at org.eclipse.jdt.internal.junit.runner.RemoteTestRunner.run(RemoteTestRunner.java:390)
	at org.eclipse.jdt.internal.junit.runner.RemoteTestRunner.main(RemoteTestRunner.java:197)
2013-04-05 11:03:13  WARN impl.MemcachedConnector - Remove a session: 127.0.0.1:11211
2013-04-05 11:03:13  INFO impl.AbstractController - Controller has been stopped.
2013-04-05 11:05:25  WARN xmemcached.XMemcachedClient - XMemcachedClient use Text protocol
2013-04-05 11:05:26  INFO impl.SelectorManager - Creating 4 reactors...
2013-04-05 11:05:26  WARN impl.AbstractController - The Controller started at localhost/127.0.0.1:0 ...
2013-04-05 11:05:26  WARN impl.MemcachedConnector - Add a session: 127.0.0.1:11211
2013-04-05 11:05:26  INFO util.JenaMemcachedClient - Trying to get Query119973053 from cache
2013-04-05 11:05:26  INFO impl.AbstractController - Controller has been stopped.
2013-04-05 11:05:26  WARN impl.MemcachedConnector - Remove a session: 127.0.0.1:11211
2013-04-05 11:05:27  WARN xmemcached.XMemcachedClient - XMemcachedClient use Text protocol
2013-04-05 11:05:27  INFO impl.SelectorManager - Creating 4 reactors...
2013-04-05 11:05:27  WARN impl.AbstractController - The Controller started at localhost/127.0.0.1:0 ...
2013-04-05 11:05:27  WARN impl.MemcachedConnector - Add a session: 127.0.0.1:11211
2013-04-05 11:05:27  INFO util.JenaMemcachedClient - Trying to get Query119973053 from cache
2013-04-05 11:05:27  WARN impl.MemcachedConnector - Remove a session: 127.0.0.1:11211
2013-04-05 11:05:27  INFO impl.AbstractController - Controller has been stopped.
2013-04-05 11:05:27  WARN xmemcached.XMemcachedClient - XMemcachedClient use Text protocol
2013-04-05 11:05:27  INFO impl.SelectorManager - Creating 4 reactors...
2013-04-05 11:05:27  WARN impl.AbstractController - The Controller started at localhost/127.0.0.1:0 ...
2013-04-05 11:05:27  WARN impl.MemcachedConnector - Add a session: 127.0.0.1:11211
2013-04-05 11:05:27  INFO util.JenaMemcachedClient - Trying to get Query119973053 from cache
2013-04-05 11:05:27  WARN impl.MemcachedConnector - Remove a session: 127.0.0.1:11211
2013-04-05 11:05:27  INFO impl.AbstractController - Controller has been stopped.
2013-04-05 11:05:27  WARN xmemcached.XMemcachedClient - XMemcachedClient use Text protocol
2013-04-05 11:05:27  INFO impl.SelectorManager - Creating 4 reactors...
2013-04-05 11:05:27  WARN impl.AbstractController - The Controller started at localhost/127.0.0.1:0 ...
2013-04-05 11:05:27  WARN impl.MemcachedConnector - Add a session: 127.0.0.1:11211
2013-04-05 11:05:27  INFO util.JenaMemcachedClient - Trying to get Query1183798008 from cache
2013-04-05 11:05:27  WARN impl.MemcachedConnector - Remove a session: 127.0.0.1:11211
2013-04-05 11:05:27  INFO impl.AbstractController - Controller has been stopped.
2013-04-05 11:05:27  WARN xmemcached.XMemcachedClient - XMemcachedClient use Text protocol
2013-04-05 11:05:27  INFO impl.SelectorManager - Creating 4 reactors...
2013-04-05 11:05:27  WARN impl.AbstractController - The Controller started at localhost/127.0.0.1:0 ...
2013-04-05 11:05:27  WARN impl.MemcachedConnector - Add a session: 127.0.0.1:11211
2013-04-05 11:05:27  INFO util.JenaMemcachedClient - Trying to get Query1387700939 from cache
2013-04-05 11:05:27  WARN impl.MemcachedConnector - Remove a session: 127.0.0.1:11211
2013-04-05 11:05:27  INFO impl.AbstractController - Controller has been stopped.
2013-04-05 11:05:27  WARN xmemcached.XMemcachedClient - XMemcachedClient use Text protocol
2013-04-05 11:05:27  INFO impl.SelectorManager - Creating 4 reactors...
2013-04-05 11:05:27  WARN impl.AbstractController - The Controller started at localhost/127.0.0.1:0 ...
2013-04-05 11:05:27  WARN impl.MemcachedConnector - Add a session: 127.0.0.1:11211
2013-04-05 11:05:27  INFO util.JenaMemcachedClient - Trying to get Query994308093 from cache
2013-04-05 11:05:28  INFO util.JenaMemcachedClient - Query994308093 was not stored in the cache, querying SPARQL endpoint
2013-04-05 11:05:28 ERROR util.JenaMemcachedClient - An error ocurred querying the endpoint. The results will not be stored in the cache.
com.hp.hpl.jena.query.QueryException: Invalid ResultSet
	at es.weso.util.JenaMemcachedClient.queryEndpoint(JenaMemcachedClient.java:140)
	at es.weso.util.JenaMemcachedClient.queryEndpointAndStore(JenaMemcachedClient.java:116)
	at es.weso.util.JenaMemcachedClient.getResultFromCache(JenaMemcachedClient.java:77)
	at es.weso.util.JenaMemcachedClient.executeQuery(JenaMemcachedClient.java:41)
	at es.weso.data.CountryData.getObservation(CountryData.java:75)
	at es.weso.test.QueriesTester.testSingleIndicator(QueriesTester.java:72)
	at sun.reflect.NativeMethodAccessorImpl.invoke0(Native Method)
	at sun.reflect.NativeMethodAccessorImpl.invoke(NativeMethodAccessorImpl.java:57)
	at sun.reflect.DelegatingMethodAccessorImpl.invoke(DelegatingMethodAccessorImpl.java:43)
	at java.lang.reflect.Method.invoke(Method.java:601)
	at org.junit.runners.model.FrameworkMethod$1.runReflectiveCall(FrameworkMethod.java:44)
	at org.junit.internal.runners.model.ReflectiveCallable.run(ReflectiveCallable.java:15)
	at org.junit.runners.model.FrameworkMethod.invokeExplosively(FrameworkMethod.java:41)
	at org.junit.internal.runners.statements.InvokeMethod.evaluate(InvokeMethod.java:20)
	at org.junit.runners.BlockJUnit4ClassRunner.runChild(BlockJUnit4ClassRunner.java:76)
	at org.junit.runners.BlockJUnit4ClassRunner.runChild(BlockJUnit4ClassRunner.java:50)
	at org.junit.runners.ParentRunner$3.run(ParentRunner.java:193)
	at org.junit.runners.ParentRunner$1.schedule(ParentRunner.java:52)
	at org.junit.runners.ParentRunner.runChildren(ParentRunner.java:191)
	at org.junit.runners.ParentRunner.access$000(ParentRunner.java:42)
	at org.junit.runners.ParentRunner$2.evaluate(ParentRunner.java:184)
	at org.junit.runners.ParentRunner.run(ParentRunner.java:236)
	at org.eclipse.jdt.internal.junit4.runner.JUnit4TestReference.run(JUnit4TestReference.java:50)
	at org.eclipse.jdt.internal.junit.runner.TestExecution.run(TestExecution.java:38)
	at org.eclipse.jdt.internal.junit.runner.RemoteTestRunner.runTests(RemoteTestRunner.java:467)
	at org.eclipse.jdt.internal.junit.runner.RemoteTestRunner.runTests(RemoteTestRunner.java:683)
	at org.eclipse.jdt.internal.junit.runner.RemoteTestRunner.run(RemoteTestRunner.java:390)
	at org.eclipse.jdt.internal.junit.runner.RemoteTestRunner.main(RemoteTestRunner.java:197)
2013-04-05 11:05:28  WARN impl.MemcachedConnector - Remove a session: 127.0.0.1:11211
2013-04-05 11:05:50  WARN xmemcached.XMemcachedClient - XMemcachedClient use Text protocol
2013-04-05 11:05:50  INFO impl.SelectorManager - Creating 4 reactors...
2013-04-05 11:05:50  WARN impl.AbstractController - The Controller started at localhost/127.0.0.1:0 ...
2013-04-05 11:05:50  WARN impl.MemcachedConnector - Add a session: 127.0.0.1:11211
2013-04-05 11:05:50  INFO util.JenaMemcachedClient - Trying to get Query119973053 from cache
2013-04-05 11:05:51  INFO impl.AbstractController - Controller has been stopped.
2013-04-05 11:05:51  WARN impl.MemcachedConnector - Remove a session: 127.0.0.1:11211
2013-04-05 11:05:52  WARN xmemcached.XMemcachedClient - XMemcachedClient use Text protocol
2013-04-05 11:05:52  INFO impl.SelectorManager - Creating 4 reactors...
2013-04-05 11:05:52  WARN impl.AbstractController - The Controller started at localhost/127.0.0.1:0 ...
2013-04-05 11:05:52  WARN impl.MemcachedConnector - Add a session: 127.0.0.1:11211
2013-04-05 11:05:52  INFO util.JenaMemcachedClient - Trying to get Query119973053 from cache
2013-04-05 11:05:52  WARN impl.MemcachedConnector - Remove a session: 127.0.0.1:11211
2013-04-05 11:05:52  INFO impl.AbstractController - Controller has been stopped.
2013-04-05 11:05:52  WARN xmemcached.XMemcachedClient - XMemcachedClient use Text protocol
2013-04-05 11:05:52  INFO impl.SelectorManager - Creating 4 reactors...
2013-04-05 11:05:52  WARN impl.AbstractController - The Controller started at localhost/127.0.0.1:0 ...
2013-04-05 11:05:52  WARN impl.MemcachedConnector - Add a session: 127.0.0.1:11211
2013-04-05 11:05:52  INFO util.JenaMemcachedClient - Trying to get Query119973053 from cache
2013-04-05 11:05:52  WARN impl.MemcachedConnector - Remove a session: 127.0.0.1:11211
2013-04-05 11:05:52  INFO impl.AbstractController - Controller has been stopped.
2013-04-05 11:05:52  WARN xmemcached.XMemcachedClient - XMemcachedClient use Text protocol
2013-04-05 11:05:52  INFO impl.SelectorManager - Creating 4 reactors...
2013-04-05 11:05:52  WARN impl.AbstractController - The Controller started at localhost/127.0.0.1:0 ...
2013-04-05 11:05:52  WARN impl.MemcachedConnector - Add a session: 127.0.0.1:11211
2013-04-05 11:05:52  INFO util.JenaMemcachedClient - Trying to get Query1183798008 from cache
2013-04-05 11:05:52  WARN impl.MemcachedConnector - Remove a session: 127.0.0.1:11211
2013-04-05 11:05:52  INFO impl.AbstractController - Controller has been stopped.
2013-04-05 11:05:52  WARN xmemcached.XMemcachedClient - XMemcachedClient use Text protocol
2013-04-05 11:05:52  INFO impl.SelectorManager - Creating 4 reactors...
2013-04-05 11:05:52  WARN impl.AbstractController - The Controller started at localhost/127.0.0.1:0 ...
2013-04-05 11:05:52  WARN impl.MemcachedConnector - Add a session: 127.0.0.1:11211
2013-04-05 11:05:52  INFO util.JenaMemcachedClient - Trying to get Query1387700939 from cache
2013-04-05 11:05:52  WARN impl.MemcachedConnector - Remove a session: 127.0.0.1:11211
2013-04-05 11:05:52  INFO impl.AbstractController - Controller has been stopped.
2013-04-05 11:05:52  WARN xmemcached.XMemcachedClient - XMemcachedClient use Text protocol
2013-04-05 11:05:52  INFO impl.SelectorManager - Creating 4 reactors...
2013-04-05 11:05:52  WARN impl.AbstractController - The Controller started at localhost/127.0.0.1:0 ...
2013-04-05 11:05:52  WARN impl.MemcachedConnector - Add a session: 127.0.0.1:11211
2013-04-05 11:05:52  INFO util.JenaMemcachedClient - Trying to get Query994308093 from cache
2013-04-05 11:05:52  INFO util.JenaMemcachedClient - Query994308093 was not stored in the cache, querying SPARQL endpoint
2013-04-05 11:05:53  WARN impl.MemcachedConnector - Remove a session: 127.0.0.1:11211
2013-04-05 11:05:53  INFO impl.AbstractController - Controller has been stopped.
2013-04-05 19:25:03  WARN xmemcached.XMemcachedClient - XMemcachedClient use Text protocol
2013-04-05 19:25:03  INFO impl.SelectorManager - Creating 8 reactors...
2013-04-05 19:25:03  WARN impl.AbstractController - The Controller started at localhost/127.0.0.1:0 ...
2013-04-05 19:25:04 ERROR xmemcached.XMemcachedClient - connect to 127.0.0.1:11211 error
java.util.concurrent.ExecutionException: java.net.ConnectException: Connection refused: no further information
	at com.google.code.yanf4j.core.impl.FutureImpl.get(FutureImpl.java:145)
	at net.rubyeye.xmemcached.XMemcachedClient.connect(XMemcachedClient.java:555)
	at net.rubyeye.xmemcached.XMemcachedClient.<init>(XMemcachedClient.java:842)
	at net.rubyeye.xmemcached.XMemcachedClientBuilder.build(XMemcachedClientBuilder.java:340)
	at es.weso.util.JenaMemcachedClient.executeQuery(JenaMemcachedClient.java:64)
	at es.weso.data.CountryData.getObservation(CountryData.java:142)
	at es.weso.test.QueriesTester.testSingleIndicator(QueriesTester.java:47)
	at sun.reflect.NativeMethodAccessorImpl.invoke0(Native Method)
	at sun.reflect.NativeMethodAccessorImpl.invoke(NativeMethodAccessorImpl.java:57)
	at sun.reflect.DelegatingMethodAccessorImpl.invoke(DelegatingMethodAccessorImpl.java:43)
	at java.lang.reflect.Method.invoke(Method.java:601)
	at org.junit.runners.model.FrameworkMethod$1.runReflectiveCall(FrameworkMethod.java:44)
	at org.junit.internal.runners.model.ReflectiveCallable.run(ReflectiveCallable.java:15)
	at org.junit.runners.model.FrameworkMethod.invokeExplosively(FrameworkMethod.java:41)
	at org.junit.internal.runners.statements.InvokeMethod.evaluate(InvokeMethod.java:20)
	at org.junit.runners.BlockJUnit4ClassRunner.runChild(BlockJUnit4ClassRunner.java:76)
	at org.junit.runners.BlockJUnit4ClassRunner.runChild(BlockJUnit4ClassRunner.java:50)
	at org.junit.runners.ParentRunner$3.run(ParentRunner.java:193)
	at org.junit.runners.ParentRunner$1.schedule(ParentRunner.java:52)
	at org.junit.runners.ParentRunner.runChildren(ParentRunner.java:191)
	at org.junit.runners.ParentRunner.access$000(ParentRunner.java:42)
	at org.junit.runners.ParentRunner$2.evaluate(ParentRunner.java:184)
	at org.junit.runners.ParentRunner.run(ParentRunner.java:236)
	at org.eclipse.jdt.internal.junit4.runner.JUnit4TestReference.run(JUnit4TestReference.java:50)
	at org.eclipse.jdt.internal.junit.runner.TestExecution.run(TestExecution.java:38)
	at org.eclipse.jdt.internal.junit.runner.RemoteTestRunner.runTests(RemoteTestRunner.java:467)
	at org.eclipse.jdt.internal.junit.runner.RemoteTestRunner.runTests(RemoteTestRunner.java:683)
	at org.eclipse.jdt.internal.junit.runner.RemoteTestRunner.run(RemoteTestRunner.java:390)
	at org.eclipse.jdt.internal.junit.runner.RemoteTestRunner.main(RemoteTestRunner.java:197)
Caused by: java.net.ConnectException: Connection refused: no further information
	at sun.nio.ch.SocketChannelImpl.checkConnect(Native Method)
	at sun.nio.ch.SocketChannelImpl.finishConnect(SocketChannelImpl.java:692)
	at net.rubyeye.xmemcached.impl.MemcachedConnector.onConnect(MemcachedConnector.java:397)
	at com.google.code.yanf4j.nio.impl.Reactor.dispatchEvent(Reactor.java:302)
	at com.google.code.yanf4j.nio.impl.Reactor.run(Reactor.java:141)
2013-04-05 19:25:04 ERROR xmemcached.XMemcachedClient - Connect to 127.0.0.1:11211 fail
java.util.concurrent.ExecutionException: java.net.ConnectException: Connection refused: no further information
	at com.google.code.yanf4j.core.impl.FutureImpl.get(FutureImpl.java:145)
	at net.rubyeye.xmemcached.XMemcachedClient.connect(XMemcachedClient.java:555)
	at net.rubyeye.xmemcached.XMemcachedClient.<init>(XMemcachedClient.java:842)
	at net.rubyeye.xmemcached.XMemcachedClientBuilder.build(XMemcachedClientBuilder.java:340)
	at es.weso.util.JenaMemcachedClient.executeQuery(JenaMemcachedClient.java:64)
	at es.weso.data.CountryData.getObservation(CountryData.java:142)
	at es.weso.test.QueriesTester.testSingleIndicator(QueriesTester.java:47)
	at sun.reflect.NativeMethodAccessorImpl.invoke0(Native Method)
	at sun.reflect.NativeMethodAccessorImpl.invoke(NativeMethodAccessorImpl.java:57)
	at sun.reflect.DelegatingMethodAccessorImpl.invoke(DelegatingMethodAccessorImpl.java:43)
	at java.lang.reflect.Method.invoke(Method.java:601)
	at org.junit.runners.model.FrameworkMethod$1.runReflectiveCall(FrameworkMethod.java:44)
	at org.junit.internal.runners.model.ReflectiveCallable.run(ReflectiveCallable.java:15)
	at org.junit.runners.model.FrameworkMethod.invokeExplosively(FrameworkMethod.java:41)
	at org.junit.internal.runners.statements.InvokeMethod.evaluate(InvokeMethod.java:20)
	at org.junit.runners.BlockJUnit4ClassRunner.runChild(BlockJUnit4ClassRunner.java:76)
	at org.junit.runners.BlockJUnit4ClassRunner.runChild(BlockJUnit4ClassRunner.java:50)
	at org.junit.runners.ParentRunner$3.run(ParentRunner.java:193)
	at org.junit.runners.ParentRunner$1.schedule(ParentRunner.java:52)
	at org.junit.runners.ParentRunner.runChildren(ParentRunner.java:191)
	at org.junit.runners.ParentRunner.access$000(ParentRunner.java:42)
	at org.junit.runners.ParentRunner$2.evaluate(ParentRunner.java:184)
	at org.junit.runners.ParentRunner.run(ParentRunner.java:236)
	at org.eclipse.jdt.internal.junit4.runner.JUnit4TestReference.run(JUnit4TestReference.java:50)
	at org.eclipse.jdt.internal.junit.runner.TestExecution.run(TestExecution.java:38)
	at org.eclipse.jdt.internal.junit.runner.RemoteTestRunner.runTests(RemoteTestRunner.java:467)
	at org.eclipse.jdt.internal.junit.runner.RemoteTestRunner.runTests(RemoteTestRunner.java:683)
	at org.eclipse.jdt.internal.junit.runner.RemoteTestRunner.run(RemoteTestRunner.java:390)
	at org.eclipse.jdt.internal.junit.runner.RemoteTestRunner.main(RemoteTestRunner.java:197)
Caused by: java.net.ConnectException: Connection refused: no further information
	at sun.nio.ch.SocketChannelImpl.checkConnect(Native Method)
	at sun.nio.ch.SocketChannelImpl.finishConnect(SocketChannelImpl.java:692)
	at net.rubyeye.xmemcached.impl.MemcachedConnector.onConnect(MemcachedConnector.java:397)
	at com.google.code.yanf4j.nio.impl.Reactor.dispatchEvent(Reactor.java:302)
	at com.google.code.yanf4j.nio.impl.Reactor.run(Reactor.java:141)
2013-04-05 19:25:04  INFO util.JenaMemcachedClient - Trying to get Query1183798008 from cache
2013-04-05 19:25:04 ERROR impl.MemcachedConnector$InnerControllerStateListener - Exception occured in controller
java.io.IOException: Connect to 127.0.0.1:11211 fail,Connection refused: no further information
	at net.rubyeye.xmemcached.impl.MemcachedConnector.onConnect(MemcachedConnector.java:416)
	at com.google.code.yanf4j.nio.impl.Reactor.dispatchEvent(Reactor.java:302)
	at com.google.code.yanf4j.nio.impl.Reactor.run(Reactor.java:141)
2013-04-05 19:25:04 ERROR impl.Reactor - Reactor dispatch events error
java.io.IOException: Connect to 127.0.0.1:11211 fail,Connection refused: no further information
	at net.rubyeye.xmemcached.impl.MemcachedConnector.onConnect(MemcachedConnector.java:416)
	at com.google.code.yanf4j.nio.impl.Reactor.dispatchEvent(Reactor.java:302)
	at com.google.code.yanf4j.nio.impl.Reactor.run(Reactor.java:141)
2013-04-05 19:25:04 ERROR util.JenaMemcachedClient - An error occured querying the cache. Querying SPARQL endpoint
net.rubyeye.xmemcached.exception.MemcachedException: There is no available connection at this moment
	at net.rubyeye.xmemcached.impl.MemcachedConnector.send(MemcachedConnector.java:490)
	at net.rubyeye.xmemcached.XMemcachedClient.sendCommand(XMemcachedClient.java:288)
	at net.rubyeye.xmemcached.XMemcachedClient.fetch0(XMemcachedClient.java:617)
	at net.rubyeye.xmemcached.XMemcachedClient.get0(XMemcachedClient.java:1030)
	at net.rubyeye.xmemcached.XMemcachedClient.get(XMemcachedClient.java:988)
	at net.rubyeye.xmemcached.XMemcachedClient.get(XMemcachedClient.java:999)
	at net.rubyeye.xmemcached.XMemcachedClient.get(XMemcachedClient.java:1021)
	at es.weso.util.JenaMemcachedClient.getResultFromCache(JenaMemcachedClient.java:97)
	at es.weso.util.JenaMemcachedClient.executeQuery(JenaMemcachedClient.java:65)
	at es.weso.data.CountryData.getObservation(CountryData.java:142)
	at es.weso.test.QueriesTester.testSingleIndicator(QueriesTester.java:47)
	at sun.reflect.NativeMethodAccessorImpl.invoke0(Native Method)
	at sun.reflect.NativeMethodAccessorImpl.invoke(NativeMethodAccessorImpl.java:57)
	at sun.reflect.DelegatingMethodAccessorImpl.invoke(DelegatingMethodAccessorImpl.java:43)
	at java.lang.reflect.Method.invoke(Method.java:601)
	at org.junit.runners.model.FrameworkMethod$1.runReflectiveCall(FrameworkMethod.java:44)
	at org.junit.internal.runners.model.ReflectiveCallable.run(ReflectiveCallable.java:15)
	at org.junit.runners.model.FrameworkMethod.invokeExplosively(FrameworkMethod.java:41)
	at org.junit.internal.runners.statements.InvokeMethod.evaluate(InvokeMethod.java:20)
	at org.junit.runners.BlockJUnit4ClassRunner.runChild(BlockJUnit4ClassRunner.java:76)
	at org.junit.runners.BlockJUnit4ClassRunner.runChild(BlockJUnit4ClassRunner.java:50)
	at org.junit.runners.ParentRunner$3.run(ParentRunner.java:193)
	at org.junit.runners.ParentRunner$1.schedule(ParentRunner.java:52)
	at org.junit.runners.ParentRunner.runChildren(ParentRunner.java:191)
	at org.junit.runners.ParentRunner.access$000(ParentRunner.java:42)
	at org.junit.runners.ParentRunner$2.evaluate(ParentRunner.java:184)
	at org.junit.runners.ParentRunner.run(ParentRunner.java:236)
	at org.eclipse.jdt.internal.junit4.runner.JUnit4TestReference.run(JUnit4TestReference.java:50)
	at org.eclipse.jdt.internal.junit.runner.TestExecution.run(TestExecution.java:38)
	at org.eclipse.jdt.internal.junit.runner.RemoteTestRunner.runTests(RemoteTestRunner.java:467)
	at org.eclipse.jdt.internal.junit.runner.RemoteTestRunner.runTests(RemoteTestRunner.java:683)
	at org.eclipse.jdt.internal.junit.runner.RemoteTestRunner.run(RemoteTestRunner.java:390)
	at org.eclipse.jdt.internal.junit.runner.RemoteTestRunner.main(RemoteTestRunner.java:197)
2013-04-05 19:25:06  WARN xmemcached.XMemcachedClient - XMemcachedClient use Text protocol
2013-04-05 19:25:06  INFO impl.SelectorManager - Creating 8 reactors...
2013-04-05 19:25:06  WARN impl.AbstractController - The Controller started at localhost/127.0.0.1:0 ...
2013-04-05 19:25:06  WARN impl.MemcachedConnector$SessionMonitor - Trying to connect to 127.0.0.1:11211 for 1 times
2013-04-05 19:25:07 ERROR impl.MemcachedConnector$InnerControllerStateListener - Exception occured in controller
java.io.IOException: Connect to 127.0.0.1:11211 fail,Connection refused: no further information
	at net.rubyeye.xmemcached.impl.MemcachedConnector.onConnect(MemcachedConnector.java:416)
	at com.google.code.yanf4j.nio.impl.Reactor.dispatchEvent(Reactor.java:302)
	at com.google.code.yanf4j.nio.impl.Reactor.run(Reactor.java:141)
2013-04-05 19:25:07 ERROR impl.Reactor - Reactor dispatch events error
java.io.IOException: Connect to 127.0.0.1:11211 fail,Connection refused: no further information
	at net.rubyeye.xmemcached.impl.MemcachedConnector.onConnect(MemcachedConnector.java:416)
	at com.google.code.yanf4j.nio.impl.Reactor.dispatchEvent(Reactor.java:302)
	at com.google.code.yanf4j.nio.impl.Reactor.run(Reactor.java:141)
2013-04-05 19:25:07 ERROR xmemcached.XMemcachedClient - connect to 127.0.0.1:11211 error
java.util.concurrent.ExecutionException: java.net.ConnectException: Connection refused: no further information
	at com.google.code.yanf4j.core.impl.FutureImpl.get(FutureImpl.java:145)
	at net.rubyeye.xmemcached.XMemcachedClient.connect(XMemcachedClient.java:555)
	at net.rubyeye.xmemcached.XMemcachedClient.<init>(XMemcachedClient.java:842)
	at net.rubyeye.xmemcached.XMemcachedClientBuilder.build(XMemcachedClientBuilder.java:340)
	at es.weso.util.JenaMemcachedClient.executeQuery(JenaMemcachedClient.java:64)
	at es.weso.data.CountryData.getObservation(CountryData.java:142)
	at es.weso.test.QueriesTester.testSingleIndicator(QueriesTester.java:59)
	at sun.reflect.NativeMethodAccessorImpl.invoke0(Native Method)
	at sun.reflect.NativeMethodAccessorImpl.invoke(NativeMethodAccessorImpl.java:57)
	at sun.reflect.DelegatingMethodAccessorImpl.invoke(DelegatingMethodAccessorImpl.java:43)
	at java.lang.reflect.Method.invoke(Method.java:601)
	at org.junit.runners.model.FrameworkMethod$1.runReflectiveCall(FrameworkMethod.java:44)
	at org.junit.internal.runners.model.ReflectiveCallable.run(ReflectiveCallable.java:15)
	at org.junit.runners.model.FrameworkMethod.invokeExplosively(FrameworkMethod.java:41)
	at org.junit.internal.runners.statements.InvokeMethod.evaluate(InvokeMethod.java:20)
	at org.junit.runners.BlockJUnit4ClassRunner.runChild(BlockJUnit4ClassRunner.java:76)
	at org.junit.runners.BlockJUnit4ClassRunner.runChild(BlockJUnit4ClassRunner.java:50)
	at org.junit.runners.ParentRunner$3.run(ParentRunner.java:193)
	at org.junit.runners.ParentRunner$1.schedule(ParentRunner.java:52)
	at org.junit.runners.ParentRunner.runChildren(ParentRunner.java:191)
	at org.junit.runners.ParentRunner.access$000(ParentRunner.java:42)
	at org.junit.runners.ParentRunner$2.evaluate(ParentRunner.java:184)
	at org.junit.runners.ParentRunner.run(ParentRunner.java:236)
	at org.eclipse.jdt.internal.junit4.runner.JUnit4TestReference.run(JUnit4TestReference.java:50)
	at org.eclipse.jdt.internal.junit.runner.TestExecution.run(TestExecution.java:38)
	at org.eclipse.jdt.internal.junit.runner.RemoteTestRunner.runTests(RemoteTestRunner.java:467)
	at org.eclipse.jdt.internal.junit.runner.RemoteTestRunner.runTests(RemoteTestRunner.java:683)
	at org.eclipse.jdt.internal.junit.runner.RemoteTestRunner.run(RemoteTestRunner.java:390)
	at org.eclipse.jdt.internal.junit.runner.RemoteTestRunner.main(RemoteTestRunner.java:197)
Caused by: java.net.ConnectException: Connection refused: no further information
	at sun.nio.ch.SocketChannelImpl.checkConnect(Native Method)
	at sun.nio.ch.SocketChannelImpl.finishConnect(SocketChannelImpl.java:692)
	at net.rubyeye.xmemcached.impl.MemcachedConnector.onConnect(MemcachedConnector.java:397)
	at com.google.code.yanf4j.nio.impl.Reactor.dispatchEvent(Reactor.java:302)
	at com.google.code.yanf4j.nio.impl.Reactor.run(Reactor.java:141)
2013-04-05 19:25:07 ERROR xmemcached.XMemcachedClient - Connect to 127.0.0.1:11211 fail
java.util.concurrent.ExecutionException: java.net.ConnectException: Connection refused: no further information
	at com.google.code.yanf4j.core.impl.FutureImpl.get(FutureImpl.java:145)
	at net.rubyeye.xmemcached.XMemcachedClient.connect(XMemcachedClient.java:555)
	at net.rubyeye.xmemcached.XMemcachedClient.<init>(XMemcachedClient.java:842)
	at net.rubyeye.xmemcached.XMemcachedClientBuilder.build(XMemcachedClientBuilder.java:340)
	at es.weso.util.JenaMemcachedClient.executeQuery(JenaMemcachedClient.java:64)
	at es.weso.data.CountryData.getObservation(CountryData.java:142)
	at es.weso.test.QueriesTester.testSingleIndicator(QueriesTester.java:59)
	at sun.reflect.NativeMethodAccessorImpl.invoke0(Native Method)
	at sun.reflect.NativeMethodAccessorImpl.invoke(NativeMethodAccessorImpl.java:57)
	at sun.reflect.DelegatingMethodAccessorImpl.invoke(DelegatingMethodAccessorImpl.java:43)
	at java.lang.reflect.Method.invoke(Method.java:601)
	at org.junit.runners.model.FrameworkMethod$1.runReflectiveCall(FrameworkMethod.java:44)
	at org.junit.internal.runners.model.ReflectiveCallable.run(ReflectiveCallable.java:15)
	at org.junit.runners.model.FrameworkMethod.invokeExplosively(FrameworkMethod.java:41)
	at org.junit.internal.runners.statements.InvokeMethod.evaluate(InvokeMethod.java:20)
	at org.junit.runners.BlockJUnit4ClassRunner.runChild(BlockJUnit4ClassRunner.java:76)
	at org.junit.runners.BlockJUnit4ClassRunner.runChild(BlockJUnit4ClassRunner.java:50)
	at org.junit.runners.ParentRunner$3.run(ParentRunner.java:193)
	at org.junit.runners.ParentRunner$1.schedule(ParentRunner.java:52)
	at org.junit.runners.ParentRunner.runChildren(ParentRunner.java:191)
	at org.junit.runners.ParentRunner.access$000(ParentRunner.java:42)
	at org.junit.runners.ParentRunner$2.evaluate(ParentRunner.java:184)
	at org.junit.runners.ParentRunner.run(ParentRunner.java:236)
	at org.eclipse.jdt.internal.junit4.runner.JUnit4TestReference.run(JUnit4TestReference.java:50)
	at org.eclipse.jdt.internal.junit.runner.TestExecution.run(TestExecution.java:38)
	at org.eclipse.jdt.internal.junit.runner.RemoteTestRunner.runTests(RemoteTestRunner.java:467)
	at org.eclipse.jdt.internal.junit.runner.RemoteTestRunner.runTests(RemoteTestRunner.java:683)
	at org.eclipse.jdt.internal.junit.runner.RemoteTestRunner.run(RemoteTestRunner.java:390)
	at org.eclipse.jdt.internal.junit.runner.RemoteTestRunner.main(RemoteTestRunner.java:197)
Caused by: java.net.ConnectException: Connection refused: no further information
	at sun.nio.ch.SocketChannelImpl.checkConnect(Native Method)
	at sun.nio.ch.SocketChannelImpl.finishConnect(SocketChannelImpl.java:692)
	at net.rubyeye.xmemcached.impl.MemcachedConnector.onConnect(MemcachedConnector.java:397)
	at com.google.code.yanf4j.nio.impl.Reactor.dispatchEvent(Reactor.java:302)
	at com.google.code.yanf4j.nio.impl.Reactor.run(Reactor.java:141)
2013-04-05 19:25:07  INFO util.JenaMemcachedClient - Trying to get Query1387700939 from cache
2013-04-05 19:25:07 ERROR util.JenaMemcachedClient - An error occured querying the cache. Querying SPARQL endpoint
net.rubyeye.xmemcached.exception.MemcachedException: There is no available connection at this moment
	at net.rubyeye.xmemcached.impl.MemcachedConnector.send(MemcachedConnector.java:490)
	at net.rubyeye.xmemcached.XMemcachedClient.sendCommand(XMemcachedClient.java:288)
	at net.rubyeye.xmemcached.XMemcachedClient.fetch0(XMemcachedClient.java:617)
	at net.rubyeye.xmemcached.XMemcachedClient.get0(XMemcachedClient.java:1030)
	at net.rubyeye.xmemcached.XMemcachedClient.get(XMemcachedClient.java:988)
	at net.rubyeye.xmemcached.XMemcachedClient.get(XMemcachedClient.java:999)
	at net.rubyeye.xmemcached.XMemcachedClient.get(XMemcachedClient.java:1021)
	at es.weso.util.JenaMemcachedClient.getResultFromCache(JenaMemcachedClient.java:97)
	at es.weso.util.JenaMemcachedClient.executeQuery(JenaMemcachedClient.java:65)
	at es.weso.data.CountryData.getObservation(CountryData.java:142)
	at es.weso.test.QueriesTester.testSingleIndicator(QueriesTester.java:59)
	at sun.reflect.NativeMethodAccessorImpl.invoke0(Native Method)
	at sun.reflect.NativeMethodAccessorImpl.invoke(NativeMethodAccessorImpl.java:57)
	at sun.reflect.DelegatingMethodAccessorImpl.invoke(DelegatingMethodAccessorImpl.java:43)
	at java.lang.reflect.Method.invoke(Method.java:601)
	at org.junit.runners.model.FrameworkMethod$1.runReflectiveCall(FrameworkMethod.java:44)
	at org.junit.internal.runners.model.ReflectiveCallable.run(ReflectiveCallable.java:15)
	at org.junit.runners.model.FrameworkMethod.invokeExplosively(FrameworkMethod.java:41)
	at org.junit.internal.runners.statements.InvokeMethod.evaluate(InvokeMethod.java:20)
	at org.junit.runners.BlockJUnit4ClassRunner.runChild(BlockJUnit4ClassRunner.java:76)
	at org.junit.runners.BlockJUnit4ClassRunner.runChild(BlockJUnit4ClassRunner.java:50)
	at org.junit.runners.ParentRunner$3.run(ParentRunner.java:193)
	at org.junit.runners.ParentRunner$1.schedule(ParentRunner.java:52)
	at org.junit.runners.ParentRunner.runChildren(ParentRunner.java:191)
	at org.junit.runners.ParentRunner.access$000(ParentRunner.java:42)
	at org.junit.runners.ParentRunner$2.evaluate(ParentRunner.java:184)
	at org.junit.runners.ParentRunner.run(ParentRunner.java:236)
	at org.eclipse.jdt.internal.junit4.runner.JUnit4TestReference.run(JUnit4TestReference.java:50)
	at org.eclipse.jdt.internal.junit.runner.TestExecution.run(TestExecution.java:38)
	at org.eclipse.jdt.internal.junit.runner.RemoteTestRunner.runTests(RemoteTestRunner.java:467)
	at org.eclipse.jdt.internal.junit.runner.RemoteTestRunner.runTests(RemoteTestRunner.java:683)
	at org.eclipse.jdt.internal.junit.runner.RemoteTestRunner.run(RemoteTestRunner.java:390)
	at org.eclipse.jdt.internal.junit.runner.RemoteTestRunner.main(RemoteTestRunner.java:197)
2013-04-05 19:25:07 ERROR impl.MemcachedConnector$InnerControllerStateListener - Exception occured in controller
java.io.IOException: Connect to 127.0.0.1:11211 fail,Connection refused: no further information
	at net.rubyeye.xmemcached.impl.MemcachedConnector.onConnect(MemcachedConnector.java:416)
	at com.google.code.yanf4j.nio.impl.Reactor.dispatchEvent(Reactor.java:302)
	at com.google.code.yanf4j.nio.impl.Reactor.run(Reactor.java:141)
2013-04-05 19:25:07 ERROR impl.Reactor - Reactor dispatch events error
java.io.IOException: Connect to 127.0.0.1:11211 fail,Connection refused: no further information
	at net.rubyeye.xmemcached.impl.MemcachedConnector.onConnect(MemcachedConnector.java:416)
	at com.google.code.yanf4j.nio.impl.Reactor.dispatchEvent(Reactor.java:302)
	at com.google.code.yanf4j.nio.impl.Reactor.run(Reactor.java:141)
2013-04-05 19:25:07 ERROR impl.MemcachedConnector$SessionMonitor - Reconnect to 127.0.0.1:11211 fail
2013-04-05 19:25:07  WARN xmemcached.XMemcachedClient - XMemcachedClient use Text protocol
2013-04-05 19:25:07  INFO impl.SelectorManager - Creating 8 reactors...
2013-04-05 19:25:07  WARN impl.AbstractController - The Controller started at localhost/127.0.0.1:0 ...
2013-04-05 19:25:08 ERROR impl.MemcachedConnector$InnerControllerStateListener - Exception occured in controller
java.io.IOException: Connect to 127.0.0.1:11211 fail,Connection refused: no further information
	at net.rubyeye.xmemcached.impl.MemcachedConnector.onConnect(MemcachedConnector.java:416)
	at com.google.code.yanf4j.nio.impl.Reactor.dispatchEvent(Reactor.java:302)
	at com.google.code.yanf4j.nio.impl.Reactor.run(Reactor.java:141)
2013-04-05 19:25:08 ERROR impl.Reactor - Reactor dispatch events error
java.io.IOException: Connect to 127.0.0.1:11211 fail,Connection refused: no further information
	at net.rubyeye.xmemcached.impl.MemcachedConnector.onConnect(MemcachedConnector.java:416)
	at com.google.code.yanf4j.nio.impl.Reactor.dispatchEvent(Reactor.java:302)
	at com.google.code.yanf4j.nio.impl.Reactor.run(Reactor.java:141)
2013-04-05 19:25:08 ERROR xmemcached.XMemcachedClient - connect to 127.0.0.1:11211 error
java.util.concurrent.ExecutionException: java.net.ConnectException: Connection refused: no further information
	at com.google.code.yanf4j.core.impl.FutureImpl.get(FutureImpl.java:145)
	at net.rubyeye.xmemcached.XMemcachedClient.connect(XMemcachedClient.java:555)
	at net.rubyeye.xmemcached.XMemcachedClient.<init>(XMemcachedClient.java:842)
	at net.rubyeye.xmemcached.XMemcachedClientBuilder.build(XMemcachedClientBuilder.java:340)
	at es.weso.util.JenaMemcachedClient.executeQuery(JenaMemcachedClient.java:64)
	at es.weso.data.CountryData.getObservation(CountryData.java:142)
	at es.weso.test.QueriesTester.testSingleIndicator(QueriesTester.java:72)
	at sun.reflect.NativeMethodAccessorImpl.invoke0(Native Method)
	at sun.reflect.NativeMethodAccessorImpl.invoke(NativeMethodAccessorImpl.java:57)
	at sun.reflect.DelegatingMethodAccessorImpl.invoke(DelegatingMethodAccessorImpl.java:43)
	at java.lang.reflect.Method.invoke(Method.java:601)
	at org.junit.runners.model.FrameworkMethod$1.runReflectiveCall(FrameworkMethod.java:44)
	at org.junit.internal.runners.model.ReflectiveCallable.run(ReflectiveCallable.java:15)
	at org.junit.runners.model.FrameworkMethod.invokeExplosively(FrameworkMethod.java:41)
	at org.junit.internal.runners.statements.InvokeMethod.evaluate(InvokeMethod.java:20)
	at org.junit.runners.BlockJUnit4ClassRunner.runChild(BlockJUnit4ClassRunner.java:76)
	at org.junit.runners.BlockJUnit4ClassRunner.runChild(BlockJUnit4ClassRunner.java:50)
	at org.junit.runners.ParentRunner$3.run(ParentRunner.java:193)
	at org.junit.runners.ParentRunner$1.schedule(ParentRunner.java:52)
	at org.junit.runners.ParentRunner.runChildren(ParentRunner.java:191)
	at org.junit.runners.ParentRunner.access$000(ParentRunner.java:42)
	at org.junit.runners.ParentRunner$2.evaluate(ParentRunner.java:184)
	at org.junit.runners.ParentRunner.run(ParentRunner.java:236)
	at org.eclipse.jdt.internal.junit4.runner.JUnit4TestReference.run(JUnit4TestReference.java:50)
	at org.eclipse.jdt.internal.junit.runner.TestExecution.run(TestExecution.java:38)
	at org.eclipse.jdt.internal.junit.runner.RemoteTestRunner.runTests(RemoteTestRunner.java:467)
	at org.eclipse.jdt.internal.junit.runner.RemoteTestRunner.runTests(RemoteTestRunner.java:683)
	at org.eclipse.jdt.internal.junit.runner.RemoteTestRunner.run(RemoteTestRunner.java:390)
	at org.eclipse.jdt.internal.junit.runner.RemoteTestRunner.main(RemoteTestRunner.java:197)
Caused by: java.net.ConnectException: Connection refused: no further information
	at sun.nio.ch.SocketChannelImpl.checkConnect(Native Method)
	at sun.nio.ch.SocketChannelImpl.finishConnect(SocketChannelImpl.java:692)
	at net.rubyeye.xmemcached.impl.MemcachedConnector.onConnect(MemcachedConnector.java:397)
	at com.google.code.yanf4j.nio.impl.Reactor.dispatchEvent(Reactor.java:302)
	at com.google.code.yanf4j.nio.impl.Reactor.run(Reactor.java:141)
2013-04-05 19:25:08 ERROR xmemcached.XMemcachedClient - Connect to 127.0.0.1:11211 fail
java.util.concurrent.ExecutionException: java.net.ConnectException: Connection refused: no further information
	at com.google.code.yanf4j.core.impl.FutureImpl.get(FutureImpl.java:145)
	at net.rubyeye.xmemcached.XMemcachedClient.connect(XMemcachedClient.java:555)
	at net.rubyeye.xmemcached.XMemcachedClient.<init>(XMemcachedClient.java:842)
	at net.rubyeye.xmemcached.XMemcachedClientBuilder.build(XMemcachedClientBuilder.java:340)
	at es.weso.util.JenaMemcachedClient.executeQuery(JenaMemcachedClient.java:64)
	at es.weso.data.CountryData.getObservation(CountryData.java:142)
	at es.weso.test.QueriesTester.testSingleIndicator(QueriesTester.java:72)
	at sun.reflect.NativeMethodAccessorImpl.invoke0(Native Method)
	at sun.reflect.NativeMethodAccessorImpl.invoke(NativeMethodAccessorImpl.java:57)
	at sun.reflect.DelegatingMethodAccessorImpl.invoke(DelegatingMethodAccessorImpl.java:43)
	at java.lang.reflect.Method.invoke(Method.java:601)
	at org.junit.runners.model.FrameworkMethod$1.runReflectiveCall(FrameworkMethod.java:44)
	at org.junit.internal.runners.model.ReflectiveCallable.run(ReflectiveCallable.java:15)
	at org.junit.runners.model.FrameworkMethod.invokeExplosively(FrameworkMethod.java:41)
	at org.junit.internal.runners.statements.InvokeMethod.evaluate(InvokeMethod.java:20)
	at org.junit.runners.BlockJUnit4ClassRunner.runChild(BlockJUnit4ClassRunner.java:76)
	at org.junit.runners.BlockJUnit4ClassRunner.runChild(BlockJUnit4ClassRunner.java:50)
	at org.junit.runners.ParentRunner$3.run(ParentRunner.java:193)
	at org.junit.runners.ParentRunner$1.schedule(ParentRunner.java:52)
	at org.junit.runners.ParentRunner.runChildren(ParentRunner.java:191)
	at org.junit.runners.ParentRunner.access$000(ParentRunner.java:42)
	at org.junit.runners.ParentRunner$2.evaluate(ParentRunner.java:184)
	at org.junit.runners.ParentRunner.run(ParentRunner.java:236)
	at org.eclipse.jdt.internal.junit4.runner.JUnit4TestReference.run(JUnit4TestReference.java:50)
	at org.eclipse.jdt.internal.junit.runner.TestExecution.run(TestExecution.java:38)
	at org.eclipse.jdt.internal.junit.runner.RemoteTestRunner.runTests(RemoteTestRunner.java:467)
	at org.eclipse.jdt.internal.junit.runner.RemoteTestRunner.runTests(RemoteTestRunner.java:683)
	at org.eclipse.jdt.internal.junit.runner.RemoteTestRunner.run(RemoteTestRunner.java:390)
	at org.eclipse.jdt.internal.junit.runner.RemoteTestRunner.main(RemoteTestRunner.java:197)
Caused by: java.net.ConnectException: Connection refused: no further information
	at sun.nio.ch.SocketChannelImpl.checkConnect(Native Method)
	at sun.nio.ch.SocketChannelImpl.finishConnect(SocketChannelImpl.java:692)
	at net.rubyeye.xmemcached.impl.MemcachedConnector.onConnect(MemcachedConnector.java:397)
	at com.google.code.yanf4j.nio.impl.Reactor.dispatchEvent(Reactor.java:302)
	at com.google.code.yanf4j.nio.impl.Reactor.run(Reactor.java:141)
2013-04-05 19:25:08  INFO util.JenaMemcachedClient - Trying to get Query994308093 from cache
2013-04-05 19:25:08 ERROR util.JenaMemcachedClient - An error occured querying the cache. Querying SPARQL endpoint
net.rubyeye.xmemcached.exception.MemcachedException: There is no available connection at this moment
	at net.rubyeye.xmemcached.impl.MemcachedConnector.send(MemcachedConnector.java:490)
	at net.rubyeye.xmemcached.XMemcachedClient.sendCommand(XMemcachedClient.java:288)
	at net.rubyeye.xmemcached.XMemcachedClient.fetch0(XMemcachedClient.java:617)
	at net.rubyeye.xmemcached.XMemcachedClient.get0(XMemcachedClient.java:1030)
	at net.rubyeye.xmemcached.XMemcachedClient.get(XMemcachedClient.java:988)
	at net.rubyeye.xmemcached.XMemcachedClient.get(XMemcachedClient.java:999)
	at net.rubyeye.xmemcached.XMemcachedClient.get(XMemcachedClient.java:1021)
	at es.weso.util.JenaMemcachedClient.getResultFromCache(JenaMemcachedClient.java:97)
	at es.weso.util.JenaMemcachedClient.executeQuery(JenaMemcachedClient.java:65)
	at es.weso.data.CountryData.getObservation(CountryData.java:142)
	at es.weso.test.QueriesTester.testSingleIndicator(QueriesTester.java:72)
	at sun.reflect.NativeMethodAccessorImpl.invoke0(Native Method)
	at sun.reflect.NativeMethodAccessorImpl.invoke(NativeMethodAccessorImpl.java:57)
	at sun.reflect.DelegatingMethodAccessorImpl.invoke(DelegatingMethodAccessorImpl.java:43)
	at java.lang.reflect.Method.invoke(Method.java:601)
	at org.junit.runners.model.FrameworkMethod$1.runReflectiveCall(FrameworkMethod.java:44)
	at org.junit.internal.runners.model.ReflectiveCallable.run(ReflectiveCallable.java:15)
	at org.junit.runners.model.FrameworkMethod.invokeExplosively(FrameworkMethod.java:41)
	at org.junit.internal.runners.statements.InvokeMethod.evaluate(InvokeMethod.java:20)
	at org.junit.runners.BlockJUnit4ClassRunner.runChild(BlockJUnit4ClassRunner.java:76)
	at org.junit.runners.BlockJUnit4ClassRunner.runChild(BlockJUnit4ClassRunner.java:50)
	at org.junit.runners.ParentRunner$3.run(ParentRunner.java:193)
	at org.junit.runners.ParentRunner$1.schedule(ParentRunner.java:52)
	at org.junit.runners.ParentRunner.runChildren(ParentRunner.java:191)
	at org.junit.runners.ParentRunner.access$000(ParentRunner.java:42)
	at org.junit.runners.ParentRunner$2.evaluate(ParentRunner.java:184)
	at org.junit.runners.ParentRunner.run(ParentRunner.java:236)
	at org.eclipse.jdt.internal.junit4.runner.JUnit4TestReference.run(JUnit4TestReference.java:50)
	at org.eclipse.jdt.internal.junit.runner.TestExecution.run(TestExecution.java:38)
	at org.eclipse.jdt.internal.junit.runner.RemoteTestRunner.runTests(RemoteTestRunner.java:467)
	at org.eclipse.jdt.internal.junit.runner.RemoteTestRunner.runTests(RemoteTestRunner.java:683)
	at org.eclipse.jdt.internal.junit.runner.RemoteTestRunner.run(RemoteTestRunner.java:390)
	at org.eclipse.jdt.internal.junit.runner.RemoteTestRunner.main(RemoteTestRunner.java:197)
2013-04-05 19:25:09  WARN impl.MemcachedConnector$SessionMonitor - Trying to connect to 127.0.0.1:11211 for 1 times
2013-04-05 19:25:09  WARN xmemcached.XMemcachedClient - XMemcachedClient use Text protocol
2013-04-05 19:25:09  INFO impl.SelectorManager - Creating 8 reactors...
2013-04-05 19:25:09  WARN impl.AbstractController - The Controller started at localhost/127.0.0.1:0 ...
2013-04-05 19:25:09  WARN impl.MemcachedConnector$SessionMonitor - Trying to connect to 127.0.0.1:11211 for 2 times
2013-04-05 19:25:10 ERROR impl.MemcachedConnector$InnerControllerStateListener - Exception occured in controller
java.io.IOException: Connect to 127.0.0.1:11211 fail,Connection refused: no further information
	at net.rubyeye.xmemcached.impl.MemcachedConnector.onConnect(MemcachedConnector.java:416)
	at com.google.code.yanf4j.nio.impl.Reactor.dispatchEvent(Reactor.java:302)
	at com.google.code.yanf4j.nio.impl.Reactor.run(Reactor.java:141)
2013-04-05 19:25:10 ERROR impl.MemcachedConnector$SessionMonitor - Reconnect to 127.0.0.1:11211 fail
2013-04-05 19:25:10 ERROR impl.Reactor - Reactor dispatch events error
java.io.IOException: Connect to 127.0.0.1:11211 fail,Connection refused: no further information
	at net.rubyeye.xmemcached.impl.MemcachedConnector.onConnect(MemcachedConnector.java:416)
	at com.google.code.yanf4j.nio.impl.Reactor.dispatchEvent(Reactor.java:302)
	at com.google.code.yanf4j.nio.impl.Reactor.run(Reactor.java:141)
2013-04-05 19:25:10 ERROR impl.MemcachedConnector$InnerControllerStateListener - Exception occured in controller
java.io.IOException: Connect to 127.0.0.1:11211 fail,Connection refused: no further information
	at net.rubyeye.xmemcached.impl.MemcachedConnector.onConnect(MemcachedConnector.java:416)
	at com.google.code.yanf4j.nio.impl.Reactor.dispatchEvent(Reactor.java:302)
	at com.google.code.yanf4j.nio.impl.Reactor.run(Reactor.java:141)
2013-04-05 19:25:10 ERROR impl.Reactor - Reactor dispatch events error
java.io.IOException: Connect to 127.0.0.1:11211 fail,Connection refused: no further information
	at net.rubyeye.xmemcached.impl.MemcachedConnector.onConnect(MemcachedConnector.java:416)
	at com.google.code.yanf4j.nio.impl.Reactor.dispatchEvent(Reactor.java:302)
	at com.google.code.yanf4j.nio.impl.Reactor.run(Reactor.java:141)
2013-04-05 19:25:10 ERROR xmemcached.XMemcachedClient - connect to 127.0.0.1:11211 error
java.util.concurrent.ExecutionException: java.net.ConnectException: Connection refused: no further information
	at com.google.code.yanf4j.core.impl.FutureImpl.get(FutureImpl.java:145)
	at net.rubyeye.xmemcached.XMemcachedClient.connect(XMemcachedClient.java:555)
	at net.rubyeye.xmemcached.XMemcachedClient.<init>(XMemcachedClient.java:842)
	at net.rubyeye.xmemcached.XMemcachedClientBuilder.build(XMemcachedClientBuilder.java:340)
	at es.weso.util.JenaMemcachedClient.executeQuery(JenaMemcachedClient.java:64)
	at es.weso.data.CountryData.getRank(CountryData.java:57)
	at es.weso.test.QueriesTester.testRank(QueriesTester.java:17)
	at sun.reflect.NativeMethodAccessorImpl.invoke0(Native Method)
	at sun.reflect.NativeMethodAccessorImpl.invoke(NativeMethodAccessorImpl.java:57)
	at sun.reflect.DelegatingMethodAccessorImpl.invoke(DelegatingMethodAccessorImpl.java:43)
	at java.lang.reflect.Method.invoke(Method.java:601)
	at org.junit.runners.model.FrameworkMethod$1.runReflectiveCall(FrameworkMethod.java:44)
	at org.junit.internal.runners.model.ReflectiveCallable.run(ReflectiveCallable.java:15)
	at org.junit.runners.model.FrameworkMethod.invokeExplosively(FrameworkMethod.java:41)
	at org.junit.internal.runners.statements.InvokeMethod.evaluate(InvokeMethod.java:20)
	at org.junit.runners.BlockJUnit4ClassRunner.runChild(BlockJUnit4ClassRunner.java:76)
	at org.junit.runners.BlockJUnit4ClassRunner.runChild(BlockJUnit4ClassRunner.java:50)
	at org.junit.runners.ParentRunner$3.run(ParentRunner.java:193)
	at org.junit.runners.ParentRunner$1.schedule(ParentRunner.java:52)
	at org.junit.runners.ParentRunner.runChildren(ParentRunner.java:191)
	at org.junit.runners.ParentRunner.access$000(ParentRunner.java:42)
	at org.junit.runners.ParentRunner$2.evaluate(ParentRunner.java:184)
	at org.junit.runners.ParentRunner.run(ParentRunner.java:236)
	at org.eclipse.jdt.internal.junit4.runner.JUnit4TestReference.run(JUnit4TestReference.java:50)
	at org.eclipse.jdt.internal.junit.runner.TestExecution.run(TestExecution.java:38)
	at org.eclipse.jdt.internal.junit.runner.RemoteTestRunner.runTests(RemoteTestRunner.java:467)
	at org.eclipse.jdt.internal.junit.runner.RemoteTestRunner.runTests(RemoteTestRunner.java:683)
	at org.eclipse.jdt.internal.junit.runner.RemoteTestRunner.run(RemoteTestRunner.java:390)
	at org.eclipse.jdt.internal.junit.runner.RemoteTestRunner.main(RemoteTestRunner.java:197)
Caused by: java.net.ConnectException: Connection refused: no further information
	at sun.nio.ch.SocketChannelImpl.checkConnect(Native Method)
	at sun.nio.ch.SocketChannelImpl.finishConnect(SocketChannelImpl.java:692)
	at net.rubyeye.xmemcached.impl.MemcachedConnector.onConnect(MemcachedConnector.java:397)
	at com.google.code.yanf4j.nio.impl.Reactor.dispatchEvent(Reactor.java:302)
	at com.google.code.yanf4j.nio.impl.Reactor.run(Reactor.java:141)
2013-04-05 19:25:10 ERROR xmemcached.XMemcachedClient - Connect to 127.0.0.1:11211 fail
java.util.concurrent.ExecutionException: java.net.ConnectException: Connection refused: no further information
	at com.google.code.yanf4j.core.impl.FutureImpl.get(FutureImpl.java:145)
	at net.rubyeye.xmemcached.XMemcachedClient.connect(XMemcachedClient.java:555)
	at net.rubyeye.xmemcached.XMemcachedClient.<init>(XMemcachedClient.java:842)
	at net.rubyeye.xmemcached.XMemcachedClientBuilder.build(XMemcachedClientBuilder.java:340)
	at es.weso.util.JenaMemcachedClient.executeQuery(JenaMemcachedClient.java:64)
	at es.weso.data.CountryData.getRank(CountryData.java:57)
	at es.weso.test.QueriesTester.testRank(QueriesTester.java:17)
	at sun.reflect.NativeMethodAccessorImpl.invoke0(Native Method)
	at sun.reflect.NativeMethodAccessorImpl.invoke(NativeMethodAccessorImpl.java:57)
	at sun.reflect.DelegatingMethodAccessorImpl.invoke(DelegatingMethodAccessorImpl.java:43)
	at java.lang.reflect.Method.invoke(Method.java:601)
	at org.junit.runners.model.FrameworkMethod$1.runReflectiveCall(FrameworkMethod.java:44)
	at org.junit.internal.runners.model.ReflectiveCallable.run(ReflectiveCallable.java:15)
	at org.junit.runners.model.FrameworkMethod.invokeExplosively(FrameworkMethod.java:41)
	at org.junit.internal.runners.statements.InvokeMethod.evaluate(InvokeMethod.java:20)
	at org.junit.runners.BlockJUnit4ClassRunner.runChild(BlockJUnit4ClassRunner.java:76)
	at org.junit.runners.BlockJUnit4ClassRunner.runChild(BlockJUnit4ClassRunner.java:50)
	at org.junit.runners.ParentRunner$3.run(ParentRunner.java:193)
	at org.junit.runners.ParentRunner$1.schedule(ParentRunner.java:52)
	at org.junit.runners.ParentRunner.runChildren(ParentRunner.java:191)
	at org.junit.runners.ParentRunner.access$000(ParentRunner.java:42)
	at org.junit.runners.ParentRunner$2.evaluate(ParentRunner.java:184)
	at org.junit.runners.ParentRunner.run(ParentRunner.java:236)
	at org.eclipse.jdt.internal.junit4.runner.JUnit4TestReference.run(JUnit4TestReference.java:50)
	at org.eclipse.jdt.internal.junit.runner.TestExecution.run(TestExecution.java:38)
	at org.eclipse.jdt.internal.junit.runner.RemoteTestRunner.runTests(RemoteTestRunner.java:467)
	at org.eclipse.jdt.internal.junit.runner.RemoteTestRunner.runTests(RemoteTestRunner.java:683)
	at org.eclipse.jdt.internal.junit.runner.RemoteTestRunner.run(RemoteTestRunner.java:390)
	at org.eclipse.jdt.internal.junit.runner.RemoteTestRunner.main(RemoteTestRunner.java:197)
Caused by: java.net.ConnectException: Connection refused: no further information
	at sun.nio.ch.SocketChannelImpl.checkConnect(Native Method)
	at sun.nio.ch.SocketChannelImpl.finishConnect(SocketChannelImpl.java:692)
	at net.rubyeye.xmemcached.impl.MemcachedConnector.onConnect(MemcachedConnector.java:397)
	at com.google.code.yanf4j.nio.impl.Reactor.dispatchEvent(Reactor.java:302)
	at com.google.code.yanf4j.nio.impl.Reactor.run(Reactor.java:141)
2013-04-05 19:25:10  INFO util.JenaMemcachedClient - Trying to get Query119973053 from cache
2013-04-05 19:25:10 ERROR util.JenaMemcachedClient - An error occured querying the cache. Querying SPARQL endpoint
net.rubyeye.xmemcached.exception.MemcachedException: There is no available connection at this moment
	at net.rubyeye.xmemcached.impl.MemcachedConnector.send(MemcachedConnector.java:490)
	at net.rubyeye.xmemcached.XMemcachedClient.sendCommand(XMemcachedClient.java:288)
	at net.rubyeye.xmemcached.XMemcachedClient.fetch0(XMemcachedClient.java:617)
	at net.rubyeye.xmemcached.XMemcachedClient.get0(XMemcachedClient.java:1030)
	at net.rubyeye.xmemcached.XMemcachedClient.get(XMemcachedClient.java:988)
	at net.rubyeye.xmemcached.XMemcachedClient.get(XMemcachedClient.java:999)
	at net.rubyeye.xmemcached.XMemcachedClient.get(XMemcachedClient.java:1021)
	at es.weso.util.JenaMemcachedClient.getResultFromCache(JenaMemcachedClient.java:97)
	at es.weso.util.JenaMemcachedClient.executeQuery(JenaMemcachedClient.java:65)
	at es.weso.data.CountryData.getRank(CountryData.java:57)
	at es.weso.test.QueriesTester.testRank(QueriesTester.java:17)
	at sun.reflect.NativeMethodAccessorImpl.invoke0(Native Method)
	at sun.reflect.NativeMethodAccessorImpl.invoke(NativeMethodAccessorImpl.java:57)
	at sun.reflect.DelegatingMethodAccessorImpl.invoke(DelegatingMethodAccessorImpl.java:43)
	at java.lang.reflect.Method.invoke(Method.java:601)
	at org.junit.runners.model.FrameworkMethod$1.runReflectiveCall(FrameworkMethod.java:44)
	at org.junit.internal.runners.model.ReflectiveCallable.run(ReflectiveCallable.java:15)
	at org.junit.runners.model.FrameworkMethod.invokeExplosively(FrameworkMethod.java:41)
	at org.junit.internal.runners.statements.InvokeMethod.evaluate(InvokeMethod.java:20)
	at org.junit.runners.BlockJUnit4ClassRunner.runChild(BlockJUnit4ClassRunner.java:76)
	at org.junit.runners.BlockJUnit4ClassRunner.runChild(BlockJUnit4ClassRunner.java:50)
	at org.junit.runners.ParentRunner$3.run(ParentRunner.java:193)
	at org.junit.runners.ParentRunner$1.schedule(ParentRunner.java:52)
	at org.junit.runners.ParentRunner.runChildren(ParentRunner.java:191)
	at org.junit.runners.ParentRunner.access$000(ParentRunner.java:42)
	at org.junit.runners.ParentRunner$2.evaluate(ParentRunner.java:184)
	at org.junit.runners.ParentRunner.run(ParentRunner.java:236)
	at org.eclipse.jdt.internal.junit4.runner.JUnit4TestReference.run(JUnit4TestReference.java:50)
	at org.eclipse.jdt.internal.junit.runner.TestExecution.run(TestExecution.java:38)
	at org.eclipse.jdt.internal.junit.runner.RemoteTestRunner.runTests(RemoteTestRunner.java:467)
	at org.eclipse.jdt.internal.junit.runner.RemoteTestRunner.runTests(RemoteTestRunner.java:683)
	at org.eclipse.jdt.internal.junit.runner.RemoteTestRunner.run(RemoteTestRunner.java:390)
	at org.eclipse.jdt.internal.junit.runner.RemoteTestRunner.main(RemoteTestRunner.java:197)
2013-04-05 19:25:10 ERROR impl.MemcachedConnector$InnerControllerStateListener - Exception occured in controller
java.io.IOException: Connect to 127.0.0.1:11211 fail,Connection refused: no further information
	at net.rubyeye.xmemcached.impl.MemcachedConnector.onConnect(MemcachedConnector.java:416)
	at com.google.code.yanf4j.nio.impl.Reactor.dispatchEvent(Reactor.java:302)
	at com.google.code.yanf4j.nio.impl.Reactor.run(Reactor.java:141)
2013-04-05 19:25:10 ERROR impl.MemcachedConnector$SessionMonitor - Reconnect to 127.0.0.1:11211 fail
2013-04-05 19:25:10 ERROR impl.Reactor - Reactor dispatch events error
java.io.IOException: Connect to 127.0.0.1:11211 fail,Connection refused: no further information
	at net.rubyeye.xmemcached.impl.MemcachedConnector.onConnect(MemcachedConnector.java:416)
	at com.google.code.yanf4j.nio.impl.Reactor.dispatchEvent(Reactor.java:302)
	at com.google.code.yanf4j.nio.impl.Reactor.run(Reactor.java:141)
2013-04-05 19:25:10  WARN xmemcached.XMemcachedClient - XMemcachedClient use Text protocol
2013-04-05 19:25:10  INFO impl.SelectorManager - Creating 8 reactors...
2013-04-05 19:25:10  WARN impl.AbstractController - The Controller started at localhost/127.0.0.1:0 ...
2013-04-05 19:25:10  WARN impl.MemcachedConnector$SessionMonitor - Trying to connect to 127.0.0.1:11211 for 1 times
2013-04-05 19:25:11 ERROR impl.MemcachedConnector$InnerControllerStateListener - Exception occured in controller
java.io.IOException: Connect to 127.0.0.1:11211 fail,Connection refused: no further information
	at net.rubyeye.xmemcached.impl.MemcachedConnector.onConnect(MemcachedConnector.java:416)
	at com.google.code.yanf4j.nio.impl.Reactor.dispatchEvent(Reactor.java:302)
	at com.google.code.yanf4j.nio.impl.Reactor.run(Reactor.java:141)
2013-04-05 19:25:11 ERROR impl.Reactor - Reactor dispatch events error
java.io.IOException: Connect to 127.0.0.1:11211 fail,Connection refused: no further information
	at net.rubyeye.xmemcached.impl.MemcachedConnector.onConnect(MemcachedConnector.java:416)
	at com.google.code.yanf4j.nio.impl.Reactor.dispatchEvent(Reactor.java:302)
	at com.google.code.yanf4j.nio.impl.Reactor.run(Reactor.java:141)
2013-04-05 19:25:11 ERROR xmemcached.XMemcachedClient - connect to 127.0.0.1:11211 error
java.util.concurrent.ExecutionException: java.net.ConnectException: Connection refused: no further information
	at com.google.code.yanf4j.core.impl.FutureImpl.get(FutureImpl.java:145)
	at net.rubyeye.xmemcached.XMemcachedClient.connect(XMemcachedClient.java:555)
	at net.rubyeye.xmemcached.XMemcachedClient.<init>(XMemcachedClient.java:842)
	at net.rubyeye.xmemcached.XMemcachedClientBuilder.build(XMemcachedClientBuilder.java:340)
	at es.weso.util.JenaMemcachedClient.executeQuery(JenaMemcachedClient.java:64)
	at es.weso.data.CountryData.getRank(CountryData.java:57)
	at es.weso.test.QueriesTester.testRank(QueriesTester.java:21)
	at sun.reflect.NativeMethodAccessorImpl.invoke0(Native Method)
	at sun.reflect.NativeMethodAccessorImpl.invoke(NativeMethodAccessorImpl.java:57)
	at sun.reflect.DelegatingMethodAccessorImpl.invoke(DelegatingMethodAccessorImpl.java:43)
	at java.lang.reflect.Method.invoke(Method.java:601)
	at org.junit.runners.model.FrameworkMethod$1.runReflectiveCall(FrameworkMethod.java:44)
	at org.junit.internal.runners.model.ReflectiveCallable.run(ReflectiveCallable.java:15)
	at org.junit.runners.model.FrameworkMethod.invokeExplosively(FrameworkMethod.java:41)
	at org.junit.internal.runners.statements.InvokeMethod.evaluate(InvokeMethod.java:20)
	at org.junit.runners.BlockJUnit4ClassRunner.runChild(BlockJUnit4ClassRunner.java:76)
	at org.junit.runners.BlockJUnit4ClassRunner.runChild(BlockJUnit4ClassRunner.java:50)
	at org.junit.runners.ParentRunner$3.run(ParentRunner.java:193)
	at org.junit.runners.ParentRunner$1.schedule(ParentRunner.java:52)
	at org.junit.runners.ParentRunner.runChildren(ParentRunner.java:191)
	at org.junit.runners.ParentRunner.access$000(ParentRunner.java:42)
	at org.junit.runners.ParentRunner$2.evaluate(ParentRunner.java:184)
	at org.junit.runners.ParentRunner.run(ParentRunner.java:236)
	at org.eclipse.jdt.internal.junit4.runner.JUnit4TestReference.run(JUnit4TestReference.java:50)
	at org.eclipse.jdt.internal.junit.runner.TestExecution.run(TestExecution.java:38)
	at org.eclipse.jdt.internal.junit.runner.RemoteTestRunner.runTests(RemoteTestRunner.java:467)
	at org.eclipse.jdt.internal.junit.runner.RemoteTestRunner.runTests(RemoteTestRunner.java:683)
	at org.eclipse.jdt.internal.junit.runner.RemoteTestRunner.run(RemoteTestRunner.java:390)
	at org.eclipse.jdt.internal.junit.runner.RemoteTestRunner.main(RemoteTestRunner.java:197)
Caused by: java.net.ConnectException: Connection refused: no further information
	at sun.nio.ch.SocketChannelImpl.checkConnect(Native Method)
	at sun.nio.ch.SocketChannelImpl.finishConnect(SocketChannelImpl.java:692)
	at net.rubyeye.xmemcached.impl.MemcachedConnector.onConnect(MemcachedConnector.java:397)
	at com.google.code.yanf4j.nio.impl.Reactor.dispatchEvent(Reactor.java:302)
	at com.google.code.yanf4j.nio.impl.Reactor.run(Reactor.java:141)
2013-04-05 19:25:11 ERROR xmemcached.XMemcachedClient - Connect to 127.0.0.1:11211 fail
java.util.concurrent.ExecutionException: java.net.ConnectException: Connection refused: no further information
	at com.google.code.yanf4j.core.impl.FutureImpl.get(FutureImpl.java:145)
	at net.rubyeye.xmemcached.XMemcachedClient.connect(XMemcachedClient.java:555)
	at net.rubyeye.xmemcached.XMemcachedClient.<init>(XMemcachedClient.java:842)
	at net.rubyeye.xmemcached.XMemcachedClientBuilder.build(XMemcachedClientBuilder.java:340)
	at es.weso.util.JenaMemcachedClient.executeQuery(JenaMemcachedClient.java:64)
	at es.weso.data.CountryData.getRank(CountryData.java:57)
	at es.weso.test.QueriesTester.testRank(QueriesTester.java:21)
	at sun.reflect.NativeMethodAccessorImpl.invoke0(Native Method)
	at sun.reflect.NativeMethodAccessorImpl.invoke(NativeMethodAccessorImpl.java:57)
	at sun.reflect.DelegatingMethodAccessorImpl.invoke(DelegatingMethodAccessorImpl.java:43)
	at java.lang.reflect.Method.invoke(Method.java:601)
	at org.junit.runners.model.FrameworkMethod$1.runReflectiveCall(FrameworkMethod.java:44)
	at org.junit.internal.runners.model.ReflectiveCallable.run(ReflectiveCallable.java:15)
	at org.junit.runners.model.FrameworkMethod.invokeExplosively(FrameworkMethod.java:41)
	at org.junit.internal.runners.statements.InvokeMethod.evaluate(InvokeMethod.java:20)
	at org.junit.runners.BlockJUnit4ClassRunner.runChild(BlockJUnit4ClassRunner.java:76)
	at org.junit.runners.BlockJUnit4ClassRunner.runChild(BlockJUnit4ClassRunner.java:50)
	at org.junit.runners.ParentRunner$3.run(ParentRunner.java:193)
	at org.junit.runners.ParentRunner$1.schedule(ParentRunner.java:52)
	at org.junit.runners.ParentRunner.runChildren(ParentRunner.java:191)
	at org.junit.runners.ParentRunner.access$000(ParentRunner.java:42)
	at org.junit.runners.ParentRunner$2.evaluate(ParentRunner.java:184)
	at org.junit.runners.ParentRunner.run(ParentRunner.java:236)
	at org.eclipse.jdt.internal.junit4.runner.JUnit4TestReference.run(JUnit4TestReference.java:50)
	at org.eclipse.jdt.internal.junit.runner.TestExecution.run(TestExecution.java:38)
	at org.eclipse.jdt.internal.junit.runner.RemoteTestRunner.runTests(RemoteTestRunner.java:467)
	at org.eclipse.jdt.internal.junit.runner.RemoteTestRunner.runTests(RemoteTestRunner.java:683)
	at org.eclipse.jdt.internal.junit.runner.RemoteTestRunner.run(RemoteTestRunner.java:390)
	at org.eclipse.jdt.internal.junit.runner.RemoteTestRunner.main(RemoteTestRunner.java:197)
Caused by: java.net.ConnectException: Connection refused: no further information
	at sun.nio.ch.SocketChannelImpl.checkConnect(Native Method)
	at sun.nio.ch.SocketChannelImpl.finishConnect(SocketChannelImpl.java:692)
	at net.rubyeye.xmemcached.impl.MemcachedConnector.onConnect(MemcachedConnector.java:397)
	at com.google.code.yanf4j.nio.impl.Reactor.dispatchEvent(Reactor.java:302)
	at com.google.code.yanf4j.nio.impl.Reactor.run(Reactor.java:141)
2013-04-05 19:25:11  INFO util.JenaMemcachedClient - Trying to get Query119973053 from cache
2013-04-05 19:25:11 ERROR util.JenaMemcachedClient - An error occured querying the cache. Querying SPARQL endpoint
net.rubyeye.xmemcached.exception.MemcachedException: There is no available connection at this moment
	at net.rubyeye.xmemcached.impl.MemcachedConnector.send(MemcachedConnector.java:490)
	at net.rubyeye.xmemcached.XMemcachedClient.sendCommand(XMemcachedClient.java:288)
	at net.rubyeye.xmemcached.XMemcachedClient.fetch0(XMemcachedClient.java:617)
	at net.rubyeye.xmemcached.XMemcachedClient.get0(XMemcachedClient.java:1030)
	at net.rubyeye.xmemcached.XMemcachedClient.get(XMemcachedClient.java:988)
	at net.rubyeye.xmemcached.XMemcachedClient.get(XMemcachedClient.java:999)
	at net.rubyeye.xmemcached.XMemcachedClient.get(XMemcachedClient.java:1021)
	at es.weso.util.JenaMemcachedClient.getResultFromCache(JenaMemcachedClient.java:97)
	at es.weso.util.JenaMemcachedClient.executeQuery(JenaMemcachedClient.java:65)
	at es.weso.data.CountryData.getRank(CountryData.java:57)
	at es.weso.test.QueriesTester.testRank(QueriesTester.java:21)
	at sun.reflect.NativeMethodAccessorImpl.invoke0(Native Method)
	at sun.reflect.NativeMethodAccessorImpl.invoke(NativeMethodAccessorImpl.java:57)
	at sun.reflect.DelegatingMethodAccessorImpl.invoke(DelegatingMethodAccessorImpl.java:43)
	at java.lang.reflect.Method.invoke(Method.java:601)
	at org.junit.runners.model.FrameworkMethod$1.runReflectiveCall(FrameworkMethod.java:44)
	at org.junit.internal.runners.model.ReflectiveCallable.run(ReflectiveCallable.java:15)
	at org.junit.runners.model.FrameworkMethod.invokeExplosively(FrameworkMethod.java:41)
	at org.junit.internal.runners.statements.InvokeMethod.evaluate(InvokeMethod.java:20)
	at org.junit.runners.BlockJUnit4ClassRunner.runChild(BlockJUnit4ClassRunner.java:76)
	at org.junit.runners.BlockJUnit4ClassRunner.runChild(BlockJUnit4ClassRunner.java:50)
	at org.junit.runners.ParentRunner$3.run(ParentRunner.java:193)
	at org.junit.runners.ParentRunner$1.schedule(ParentRunner.java:52)
	at org.junit.runners.ParentRunner.runChildren(ParentRunner.java:191)
	at org.junit.runners.ParentRunner.access$000(ParentRunner.java:42)
	at org.junit.runners.ParentRunner$2.evaluate(ParentRunner.java:184)
	at org.junit.runners.ParentRunner.run(ParentRunner.java:236)
	at org.eclipse.jdt.internal.junit4.runner.JUnit4TestReference.run(JUnit4TestReference.java:50)
	at org.eclipse.jdt.internal.junit.runner.TestExecution.run(TestExecution.java:38)
	at org.eclipse.jdt.internal.junit.runner.RemoteTestRunner.runTests(RemoteTestRunner.java:467)
	at org.eclipse.jdt.internal.junit.runner.RemoteTestRunner.runTests(RemoteTestRunner.java:683)
	at org.eclipse.jdt.internal.junit.runner.RemoteTestRunner.run(RemoteTestRunner.java:390)
	at org.eclipse.jdt.internal.junit.runner.RemoteTestRunner.main(RemoteTestRunner.java:197)
2013-04-05 19:25:11 ERROR impl.MemcachedConnector$InnerControllerStateListener - Exception occured in controller
java.io.IOException: Connect to 127.0.0.1:11211 fail,Connection refused: no further information
	at net.rubyeye.xmemcached.impl.MemcachedConnector.onConnect(MemcachedConnector.java:416)
	at com.google.code.yanf4j.nio.impl.Reactor.dispatchEvent(Reactor.java:302)
	at com.google.code.yanf4j.nio.impl.Reactor.run(Reactor.java:141)
2013-04-05 19:25:11 ERROR impl.MemcachedConnector$SessionMonitor - Reconnect to 127.0.0.1:11211 fail
2013-04-05 19:25:11 ERROR impl.Reactor - Reactor dispatch events error
java.io.IOException: Connect to 127.0.0.1:11211 fail,Connection refused: no further information
	at net.rubyeye.xmemcached.impl.MemcachedConnector.onConnect(MemcachedConnector.java:416)
	at com.google.code.yanf4j.nio.impl.Reactor.dispatchEvent(Reactor.java:302)
	at com.google.code.yanf4j.nio.impl.Reactor.run(Reactor.java:141)
2013-04-05 19:25:12  WARN xmemcached.XMemcachedClient - XMemcachedClient use Text protocol
2013-04-05 19:25:12  INFO impl.SelectorManager - Creating 8 reactors...
2013-04-05 19:25:12  WARN impl.AbstractController - The Controller started at localhost/127.0.0.1:0 ...
2013-04-05 19:25:12  WARN impl.MemcachedConnector$SessionMonitor - Trying to connect to 127.0.0.1:11211 for 2 times
2013-04-05 19:25:12  WARN impl.MemcachedConnector$SessionMonitor - Trying to connect to 127.0.0.1:11211 for 1 times
2013-04-05 19:25:13 ERROR impl.MemcachedConnector$InnerControllerStateListener - Exception occured in controller
java.io.IOException: Connect to 127.0.0.1:11211 fail,Connection refused: no further information
	at net.rubyeye.xmemcached.impl.MemcachedConnector.onConnect(MemcachedConnector.java:416)
	at com.google.code.yanf4j.nio.impl.Reactor.dispatchEvent(Reactor.java:302)
	at com.google.code.yanf4j.nio.impl.Reactor.run(Reactor.java:141)
2013-04-05 19:25:13 ERROR impl.Reactor - Reactor dispatch events error
java.io.IOException: Connect to 127.0.0.1:11211 fail,Connection refused: no further information
	at net.rubyeye.xmemcached.impl.MemcachedConnector.onConnect(MemcachedConnector.java:416)
	at com.google.code.yanf4j.nio.impl.Reactor.dispatchEvent(Reactor.java:302)
	at com.google.code.yanf4j.nio.impl.Reactor.run(Reactor.java:141)
2013-04-05 19:25:13 ERROR xmemcached.XMemcachedClient - connect to 127.0.0.1:11211 error
java.util.concurrent.ExecutionException: java.net.ConnectException: Connection refused: no further information
	at com.google.code.yanf4j.core.impl.FutureImpl.get(FutureImpl.java:145)
	at net.rubyeye.xmemcached.XMemcachedClient.connect(XMemcachedClient.java:555)
	at net.rubyeye.xmemcached.XMemcachedClient.<init>(XMemcachedClient.java:842)
	at net.rubyeye.xmemcached.XMemcachedClientBuilder.build(XMemcachedClientBuilder.java:340)
	at es.weso.util.JenaMemcachedClient.executeQuery(JenaMemcachedClient.java:64)
	at es.weso.data.CountryData.getRank(CountryData.java:57)
	at es.weso.test.QueriesTester.testRank(QueriesTester.java:25)
	at sun.reflect.NativeMethodAccessorImpl.invoke0(Native Method)
	at sun.reflect.NativeMethodAccessorImpl.invoke(NativeMethodAccessorImpl.java:57)
	at sun.reflect.DelegatingMethodAccessorImpl.invoke(DelegatingMethodAccessorImpl.java:43)
	at java.lang.reflect.Method.invoke(Method.java:601)
	at org.junit.runners.model.FrameworkMethod$1.runReflectiveCall(FrameworkMethod.java:44)
	at org.junit.internal.runners.model.ReflectiveCallable.run(ReflectiveCallable.java:15)
	at org.junit.runners.model.FrameworkMethod.invokeExplosively(FrameworkMethod.java:41)
	at org.junit.internal.runners.statements.InvokeMethod.evaluate(InvokeMethod.java:20)
	at org.junit.runners.BlockJUnit4ClassRunner.runChild(BlockJUnit4ClassRunner.java:76)
	at org.junit.runners.BlockJUnit4ClassRunner.runChild(BlockJUnit4ClassRunner.java:50)
	at org.junit.runners.ParentRunner$3.run(ParentRunner.java:193)
	at org.junit.runners.ParentRunner$1.schedule(ParentRunner.java:52)
	at org.junit.runners.ParentRunner.runChildren(ParentRunner.java:191)
	at org.junit.runners.ParentRunner.access$000(ParentRunner.java:42)
	at org.junit.runners.ParentRunner$2.evaluate(ParentRunner.java:184)
	at org.junit.runners.ParentRunner.run(ParentRunner.java:236)
	at org.eclipse.jdt.internal.junit4.runner.JUnit4TestReference.run(JUnit4TestReference.java:50)
	at org.eclipse.jdt.internal.junit.runner.TestExecution.run(TestExecution.java:38)
	at org.eclipse.jdt.internal.junit.runner.RemoteTestRunner.runTests(RemoteTestRunner.java:467)
	at org.eclipse.jdt.internal.junit.runner.RemoteTestRunner.runTests(RemoteTestRunner.java:683)
	at org.eclipse.jdt.internal.junit.runner.RemoteTestRunner.run(RemoteTestRunner.java:390)
	at org.eclipse.jdt.internal.junit.runner.RemoteTestRunner.main(RemoteTestRunner.java:197)
Caused by: java.net.ConnectException: Connection refused: no further information
	at sun.nio.ch.SocketChannelImpl.checkConnect(Native Method)
	at sun.nio.ch.SocketChannelImpl.finishConnect(SocketChannelImpl.java:692)
	at net.rubyeye.xmemcached.impl.MemcachedConnector.onConnect(MemcachedConnector.java:397)
	at com.google.code.yanf4j.nio.impl.Reactor.dispatchEvent(Reactor.java:302)
	at com.google.code.yanf4j.nio.impl.Reactor.run(Reactor.java:141)
2013-04-05 19:25:13 ERROR xmemcached.XMemcachedClient - Connect to 127.0.0.1:11211 fail
java.util.concurrent.ExecutionException: java.net.ConnectException: Connection refused: no further information
	at com.google.code.yanf4j.core.impl.FutureImpl.get(FutureImpl.java:145)
	at net.rubyeye.xmemcached.XMemcachedClient.connect(XMemcachedClient.java:555)
	at net.rubyeye.xmemcached.XMemcachedClient.<init>(XMemcachedClient.java:842)
	at net.rubyeye.xmemcached.XMemcachedClientBuilder.build(XMemcachedClientBuilder.java:340)
	at es.weso.util.JenaMemcachedClient.executeQuery(JenaMemcachedClient.java:64)
	at es.weso.data.CountryData.getRank(CountryData.java:57)
	at es.weso.test.QueriesTester.testRank(QueriesTester.java:25)
	at sun.reflect.NativeMethodAccessorImpl.invoke0(Native Method)
	at sun.reflect.NativeMethodAccessorImpl.invoke(NativeMethodAccessorImpl.java:57)
	at sun.reflect.DelegatingMethodAccessorImpl.invoke(DelegatingMethodAccessorImpl.java:43)
	at java.lang.reflect.Method.invoke(Method.java:601)
	at org.junit.runners.model.FrameworkMethod$1.runReflectiveCall(FrameworkMethod.java:44)
	at org.junit.internal.runners.model.ReflectiveCallable.run(ReflectiveCallable.java:15)
	at org.junit.runners.model.FrameworkMethod.invokeExplosively(FrameworkMethod.java:41)
	at org.junit.internal.runners.statements.InvokeMethod.evaluate(InvokeMethod.java:20)
	at org.junit.runners.BlockJUnit4ClassRunner.runChild(BlockJUnit4ClassRunner.java:76)
	at org.junit.runners.BlockJUnit4ClassRunner.runChild(BlockJUnit4ClassRunner.java:50)
	at org.junit.runners.ParentRunner$3.run(ParentRunner.java:193)
	at org.junit.runners.ParentRunner$1.schedule(ParentRunner.java:52)
	at org.junit.runners.ParentRunner.runChildren(ParentRunner.java:191)
	at org.junit.runners.ParentRunner.access$000(ParentRunner.java:42)
	at org.junit.runners.ParentRunner$2.evaluate(ParentRunner.java:184)
	at org.junit.runners.ParentRunner.run(ParentRunner.java:236)
	at org.eclipse.jdt.internal.junit4.runner.JUnit4TestReference.run(JUnit4TestReference.java:50)
	at org.eclipse.jdt.internal.junit.runner.TestExecution.run(TestExecution.java:38)
	at org.eclipse.jdt.internal.junit.runner.RemoteTestRunner.runTests(RemoteTestRunner.java:467)
	at org.eclipse.jdt.internal.junit.runner.RemoteTestRunner.runTests(RemoteTestRunner.java:683)
	at org.eclipse.jdt.internal.junit.runner.RemoteTestRunner.run(RemoteTestRunner.java:390)
	at org.eclipse.jdt.internal.junit.runner.RemoteTestRunner.main(RemoteTestRunner.java:197)
Caused by: java.net.ConnectException: Connection refused: no further information
	at sun.nio.ch.SocketChannelImpl.checkConnect(Native Method)
	at sun.nio.ch.SocketChannelImpl.finishConnect(SocketChannelImpl.java:692)
	at net.rubyeye.xmemcached.impl.MemcachedConnector.onConnect(MemcachedConnector.java:397)
	at com.google.code.yanf4j.nio.impl.Reactor.dispatchEvent(Reactor.java:302)
	at com.google.code.yanf4j.nio.impl.Reactor.run(Reactor.java:141)
2013-04-05 19:25:13  INFO util.JenaMemcachedClient - Trying to get Query119973053 from cache
2013-04-05 19:25:13 ERROR util.JenaMemcachedClient - An error occured querying the cache. Querying SPARQL endpoint
net.rubyeye.xmemcached.exception.MemcachedException: There is no available connection at this moment
	at net.rubyeye.xmemcached.impl.MemcachedConnector.send(MemcachedConnector.java:490)
	at net.rubyeye.xmemcached.XMemcachedClient.sendCommand(XMemcachedClient.java:288)
	at net.rubyeye.xmemcached.XMemcachedClient.fetch0(XMemcachedClient.java:617)
	at net.rubyeye.xmemcached.XMemcachedClient.get0(XMemcachedClient.java:1030)
	at net.rubyeye.xmemcached.XMemcachedClient.get(XMemcachedClient.java:988)
	at net.rubyeye.xmemcached.XMemcachedClient.get(XMemcachedClient.java:999)
	at net.rubyeye.xmemcached.XMemcachedClient.get(XMemcachedClient.java:1021)
	at es.weso.util.JenaMemcachedClient.getResultFromCache(JenaMemcachedClient.java:97)
	at es.weso.util.JenaMemcachedClient.executeQuery(JenaMemcachedClient.java:65)
	at es.weso.data.CountryData.getRank(CountryData.java:57)
	at es.weso.test.QueriesTester.testRank(QueriesTester.java:25)
	at sun.reflect.NativeMethodAccessorImpl.invoke0(Native Method)
	at sun.reflect.NativeMethodAccessorImpl.invoke(NativeMethodAccessorImpl.java:57)
	at sun.reflect.DelegatingMethodAccessorImpl.invoke(DelegatingMethodAccessorImpl.java:43)
	at java.lang.reflect.Method.invoke(Method.java:601)
	at org.junit.runners.model.FrameworkMethod$1.runReflectiveCall(FrameworkMethod.java:44)
	at org.junit.internal.runners.model.ReflectiveCallable.run(ReflectiveCallable.java:15)
	at org.junit.runners.model.FrameworkMethod.invokeExplosively(FrameworkMethod.java:41)
	at org.junit.internal.runners.statements.InvokeMethod.evaluate(InvokeMethod.java:20)
	at org.junit.runners.BlockJUnit4ClassRunner.runChild(BlockJUnit4ClassRunner.java:76)
	at org.junit.runners.BlockJUnit4ClassRunner.runChild(BlockJUnit4ClassRunner.java:50)
	at org.junit.runners.ParentRunner$3.run(ParentRunner.java:193)
	at org.junit.runners.ParentRunner$1.schedule(ParentRunner.java:52)
	at org.junit.runners.ParentRunner.runChildren(ParentRunner.java:191)
	at org.junit.runners.ParentRunner.access$000(ParentRunner.java:42)
	at org.junit.runners.ParentRunner$2.evaluate(ParentRunner.java:184)
	at org.junit.runners.ParentRunner.run(ParentRunner.java:236)
	at org.eclipse.jdt.internal.junit4.runner.JUnit4TestReference.run(JUnit4TestReference.java:50)
	at org.eclipse.jdt.internal.junit.runner.TestExecution.run(TestExecution.java:38)
	at org.eclipse.jdt.internal.junit.runner.RemoteTestRunner.runTests(RemoteTestRunner.java:467)
	at org.eclipse.jdt.internal.junit.runner.RemoteTestRunner.runTests(RemoteTestRunner.java:683)
	at org.eclipse.jdt.internal.junit.runner.RemoteTestRunner.run(RemoteTestRunner.java:390)
	at org.eclipse.jdt.internal.junit.runner.RemoteTestRunner.main(RemoteTestRunner.java:197)
2013-04-05 19:25:13 ERROR impl.MemcachedConnector$InnerControllerStateListener - Exception occured in controller
java.io.IOException: Connect to 127.0.0.1:11211 fail,Connection refused: no further information
	at net.rubyeye.xmemcached.impl.MemcachedConnector.onConnect(MemcachedConnector.java:416)
	at com.google.code.yanf4j.nio.impl.Reactor.dispatchEvent(Reactor.java:302)
	at com.google.code.yanf4j.nio.impl.Reactor.run(Reactor.java:141)
2013-04-05 19:25:13 ERROR impl.Reactor - Reactor dispatch events error
java.io.IOException: Connect to 127.0.0.1:11211 fail,Connection refused: no further information
	at net.rubyeye.xmemcached.impl.MemcachedConnector.onConnect(MemcachedConnector.java:416)
	at com.google.code.yanf4j.nio.impl.Reactor.dispatchEvent(Reactor.java:302)
	at com.google.code.yanf4j.nio.impl.Reactor.run(Reactor.java:141)
2013-04-05 19:25:13 ERROR impl.MemcachedConnector$SessionMonitor - Reconnect to 127.0.0.1:11211 fail
2013-04-05 19:25:13 ERROR impl.MemcachedConnector$InnerControllerStateListener - Exception occured in controller
java.io.IOException: Connect to 127.0.0.1:11211 fail,Connection refused: no further information
	at net.rubyeye.xmemcached.impl.MemcachedConnector.onConnect(MemcachedConnector.java:416)
	at com.google.code.yanf4j.nio.impl.Reactor.dispatchEvent(Reactor.java:302)
	at com.google.code.yanf4j.nio.impl.Reactor.run(Reactor.java:141)
2013-04-05 19:25:13 ERROR impl.Reactor - Reactor dispatch events error
java.io.IOException: Connect to 127.0.0.1:11211 fail,Connection refused: no further information
	at net.rubyeye.xmemcached.impl.MemcachedConnector.onConnect(MemcachedConnector.java:416)
	at com.google.code.yanf4j.nio.impl.Reactor.dispatchEvent(Reactor.java:302)
	at com.google.code.yanf4j.nio.impl.Reactor.run(Reactor.java:141)
2013-04-05 19:25:13 ERROR impl.MemcachedConnector$SessionMonitor - Reconnect to 127.0.0.1:11211 fail
2013-04-05 19:25:13  INFO impl.AbstractController - Controller has been stopped.
2013-04-05 19:25:13  INFO impl.AbstractController - Controller has been stopped.
2013-04-05 19:25:13  INFO impl.AbstractController - Controller has been stopped.
2013-04-05 19:25:13  INFO impl.AbstractController - Controller has been stopped.
2013-04-05 19:25:13  INFO impl.AbstractController - Controller has been stopped.
2013-04-05 19:25:13  INFO impl.AbstractController - Controller has been stopped.
